Arguments: 
  C:\Users\S.Percentage\scoop\apps\nodejs\current\node.exe C:\Users\S.Percentage\scoop\apps\yarn\current\Yarn\bin\yarn.js

PATH: 
  C:\Users\S.Percentage\scoop\apps\gpg\current\bin;C:\Program Files\PowerShell\7;C:\Program Files (x86)\Common Files\Intel\Shared Libraries\redist\intel64\compiler;C:\VulkanSDK\1.1.108.0\Bin;C:\Program Files (x86)\Intel\Intel(R) Management Engine Components\iCLS\;C:\Program Files\Intel\Intel(R) Management Engine Components\iCLS\;C:\VulkanSDK\1.1.70.1\Bin;C:\ProgramData\Oracle\Java\javapath;C:\ProgramData\scoop\shims;C:\WINDOWS\system32;C:\WINDOWS;C:\WINDOWS\System32\Wbem;C:\WINDOWS\System32\WindowsPowerShell\v1.0\;C:\Program Files (x86)\NVIDIA Corporation\PhysX\Common;C:\Program Files\dotnet\;C:\Program Files\Git\cmd;C:\WINDOWS\System32\OpenSSH\;C:\bin\ansicon\x64;C:\Program Files (x86)\Intel\Intel(R) Management Engine Components\DAL;C:\Program Files\Intel\Intel(R) Management Engine Components\DAL;C:\Program Files (x86)\Intel\Intel(R) Management Engine Components\IPT;C:\Program Files\Intel\Intel(R) Management Engine Components\IPT;C:\Program Files\NVIDIA Corporation\NVIDIA NvDLISR;C:\Program Files (x86)\Windows Kits\10\Windows Performance Toolkit\;C:\WINDOWS\system32;C:\WINDOWS;C:\WINDOWS\System32\Wbem;C:\WINDOWS\System32\WindowsPowerShell\v1.0\;C:\WINDOWS\System32\OpenSSH\;C:\Program Files (x86)\dotnet-core-uninstall\;C:\Program Files\gnuplot\bin;C:\Program Files\PowerShell\7\;C:\Users\S.Percentage\scoop\apps\openjdk11\current\bin;C:\Users\S.Percentage\scoop\apps\openjdk9\current\bin;C:\Users\S.Percentage\scoop\apps\openjdk\current\bin;C:\Users\S.Percentage\AppData\Roaming\local\bin;C:\ProgramData\scoop\apps\openjdk\current\bin;C:\Users\S.Percentage\scoop\apps\python27\current\scripts;C:\Users\S.Percentage\scoop\apps\python\current;C:\Users\S.Percentage\scoop\apps\python\current\Scripts;C:\Users\S.Percentage\scoop\apps\nodejs\current\bin;C:\Users\S.Percentage\scoop\apps\nodejs\current;C:\Users\S.Percentage\scoop\apps\yarn\current\Yarn\bin;C:\Users\S.Percentage\scoop\apps\yarn\current\global\node_modules\.bin;C:\Ruby26-x64\bin;C:\Ruby21-x64\bin;C:\Users\S.Percentage\.cargo\bin;C:\Users\S.Percentage\AppData\Local\Programs\Python\Launcher\;C:\Users\S.Percentage\scoop\shims;C:\Users\S.Percentage\AppData\Local\Microsoft\WindowsApps;C:\Program Files\Microsoft VS Code\bin;C:\Users\S.Percentage\AppData\Local\Julia-0.6.2\bin;C:\Users\S.Percentage\AppData\Local\hyper\app-2.0.0\resources\bin;C:\Users\S.Percentage\AppData\Local\Programs\Microsoft VS Code\bin;C:\Users\S.Percentage\.nimble\bin;C:\Users\S.Percentage\AppData\Local\Microsoft\WindowsApps;C:\Users\S.Percentage\.dotnet\tools;C:\bin\aarch64-none-gcc\bin

Yarn version: 
  1.22.4

Node version: 
  14.6.0

Platform: 
  win32 x64

Trace: 
  Error: https://registry.yarnpkg.com/@actions%2f*: Not found
      at Request.params.callback [as _callback] (C:\Users\S.Percentage\scoop\apps\yarn\1.22.4\Yarn\lib\cli.js:66096:18)
      at Request.self.callback (C:\Users\S.Percentage\scoop\apps\yarn\1.22.4\Yarn\lib\cli.js:140748:22)
      at Request.emit (events.js:314:20)
      at Request.<anonymous> (C:\Users\S.Percentage\scoop\apps\yarn\1.22.4\Yarn\lib\cli.js:141720:10)
      at Request.emit (events.js:314:20)
      at IncomingMessage.<anonymous> (C:\Users\S.Percentage\scoop\apps\yarn\1.22.4\Yarn\lib\cli.js:141642:12)
      at Object.onceWrapper (events.js:420:28)
      at IncomingMessage.emit (events.js:326:22)
      at endReadableNT (_stream_readable.js:1244:12)
      at processTicksAndRejections (internal/process/task_queues.js:80:21)

npm manifest: 
  {
    "name": "ci-notifications-post-invoker",
    "version": "1.0.0",
    "description": "CI Notification Post-to-Slack function Invoker",
    "main": "index.ts",
    "repository": "https://github.com/Pctg-x8/ci-notifications-post-invoker",
    "author": "S.Percentage <Syn.Tri.Naga@gmail.com>",
    "license": "MIT",
    "devDependencies": {
      "typescript": "^4.0.5"
    },
    "dependencies": {
      "@actions/*": "*"
    }
  }

yarn manifest: 
  No manifest

Lockfile: 
  # THIS IS AN AUTOGENERATED FILE. DO NOT EDIT THIS FILE DIRECTLY.
  # yarn lockfile v1
  
  
  typescript@^4.0.5:
    version "4.0.5"
    resolved "https://registry.yarnpkg.com/typescript/-/typescript-4.0.5.tgz#ae9dddfd1069f1cb5beb3ef3b2170dd7c1332389"
    integrity sha512-ywmr/VrTVCmNTJ6iV2LwIrfG1P+lv6luD8sUJs+2eI9NLGigaN+nUQc13iHqisq7bra9lnmUSYqbJvegraBOPQ==
